<?xml version="1.0" encoding="UTF-8"?>
<testng-results ignored="0" total="1" passed="1" failed="0" skipped="0">
  <reporter-output>
  </reporter-output>
  <suite started-at="2025-03-08T14:12:36 IST" name="Default suite" finished-at="2025-03-08T14:12:56 IST" duration-ms="20057">
    <groups>
      <group name="cucumber">
        <method signature="AbstractTestNGCucumberTests.runScenario(io.cucumber.testng.PickleWrapper,io.cucumber.testng.FeatureWrapper)[pri:0, instance:Runner.RediffRunner@2638011]" name="runScenario" class="io.cucumber.testng.AbstractTestNGCucumberTests"/>
      </group> <!-- cucumber -->
    </groups>
    <test started-at="2025-03-08T14:12:36 IST" name="Default test" finished-at="2025-03-08T14:12:56 IST" duration-ms="20057">
      <class name="Runner.RediffRunner">
        <test-method is-config="true" signature="setUpClass(org.testng.ITestContext)[pri:0, instance:Runner.RediffRunner@2638011]" started-at="2025-03-08T14:12:36 IST" name="setUpClass" finished-at="2025-03-08T14:12:37 IST" duration-ms="1066" status="PASS">
          <params>
            <param index="0">
              <value>
                <![CDATA[org.testng.TestRunner@4eed2acf]]>
              </value>
            </param>
          </params>
          <reporter-output>
          </reporter-output>
        </test-method> <!-- setUpClass -->
        <test-method signature="runScenario(io.cucumber.testng.PickleWrapper,io.cucumber.testng.FeatureWrapper)[pri:0, instance:Runner.RediffRunner@2638011]" started-at="2025-03-08T14:12:37 IST" name="runScenario" description="Runs Cucumber Scenarios" data-provider="scenarios" finished-at="2025-03-08T14:12:56 IST" duration-ms="18818" status="PASS">
          <params>
            <param index="0">
              <value>
                <![CDATA["Create a new account"]]>
              </value>
            </param>
            <param index="1">
              <value>
                <![CDATA["User Registration"]]>
              </value>
            </param>
          </params>
          <reporter-output>
          </reporter-output>
        </test-method> <!-- runScenario -->
        <test-method is-config="true" signature="tearDownClass()[pri:0, instance:Runner.RediffRunner@2638011]" started-at="2025-03-08T14:12:56 IST" name="tearDownClass" finished-at="2025-03-08T14:12:56 IST" duration-ms="66" status="PASS">
          <reporter-output>
          </reporter-output>
        </test-method> <!-- tearDownClass -->
      </class> <!-- Runner.RediffRunner -->
    </test> <!-- Default test -->
  </suite> <!-- Default suite -->
</testng-results>
